#
# There is insufficient memory for the Java Runtime Environment to continue.
# Native memory allocation (malloc) failed to allocate 19660800 bytes for committing reserved memory.
# Possible reasons:
#   The system is out of physical RAM or swap space
#   In 32 bit mode, the process size limit was hit
# Possible solutions:
#   Reduce memory load on the system
#   Increase physical memory or swap space
#   Check if swap backing store is full
#   Use 64 bit Java on a 64 bit OS
#   Decrease Java heap size (-Xmx/-Xms)
#   Decrease number of Java threads
#   Decrease Java thread stack sizes (-Xss)
#   Set larger code cache with -XX:ReservedCodeCacheSize=
# This output file may be truncated or incomplete.
#
#  Out of Memory Error (os_linux.cpp:2747), pid=10543, tid=1817180992
#
# JRE version: Java(TM) SE Runtime Environment (7.0_60-b19) (build 1.7.0_60-b19)
# Java VM: Java HotSpot(TM) Server VM (24.60-b09 mixed mode linux-x86 )
# Failed to write core dump. Core dumps have been disabled. To enable core dumping, try "ulimit -c unlimited" before starting Java again
#

---------------  T H R E A D  ---------------

Current thread (0x6c510400):  VMThread [stack: 0x6c47f000,0x6c500000] [id=10561]

Stack: [0x6c47f000,0x6c500000],  sp=0x6c4fe820,  free space=510k
Native frames: (J=compiled Java code, j=interpreted, Vv=VM code, C=native code)
V  [libjvm.so+0x7e67e6]  VMError::report_and_die()+0x1a6
V  [libjvm.so+0x33d652]  report_vm_out_of_memory(char const*, int, unsigned int, char const*)+0x72
V  [libjvm.so+0x684b41]  os::Linux::commit_memory_impl(char*, unsigned int, bool)+0xe1
V  [libjvm.so+0x685008]  os::pd_commit_memory(char*, unsigned int, unsigned int, bool)+0x28
V  [libjvm.so+0x67e76c]  os::commit_memory(char*, unsigned int, unsigned int, bool)+0x2c
V  [libjvm.so+0x6e8368]  PSVirtualSpace::expand_by(unsigned int)+0x48
V  [libjvm.so+0x6e946a]  PSYoungGen::resize_generation(unsigned int, unsigned int)+0xda
V  [libjvm.so+0x6e87a9]  PSYoungGen::resize(unsigned int, unsigned int)+0x19
V  [libjvm.so+0x6e615e]  PSScavenge::invoke_no_policy()+0xd5e
V  [libjvm.so+0x6e6938]  PSScavenge::invoke()+0x28
V  [libjvm.so+0x6a476a]  ParallelScavengeHeap::failed_mem_allocate(unsigned int)+0x5a
V  [libjvm.so+0x7e808a]  VM_ParallelGCFailedAllocation::doit()+0x7a
V  [libjvm.so+0x7f0ea7]  VM_Operation::evaluate()+0x47
V  [libjvm.so+0x7eef43]  VMThread::evaluate_operation(VM_Operation*)+0xb3
V  [libjvm.so+0x7ef2e0]  VMThread::loop()+0x1b0
V  [libjvm.so+0x7ef745]  VMThread::run()+0x85
V  [libjvm.so+0x686e19]  java_start(Thread*)+0x119
C  [libpthread.so.0+0x6f70]  start_thread+0xd0

VM_Operation (0xb6885ba4): ParallelGCFailedAllocation, mode: safepoint, requested by thread 0xb6707800


---------------  P R O C E S S  ---------------

Java Threads: ( => current thread )
  0x6c529400 JavaThread "Service Thread" daemon [_thread_blocked, id=10571, stack(0x6c08a000,0x6c0db000)]
  0x6c527800 JavaThread "C2 CompilerThread1" daemon [_thread_blocked, id=10570, stack(0x6c0db000,0x6c15c000)]
  0x6c525400 JavaThread "C2 CompilerThread0" daemon [_thread_blocked, id=10569, stack(0x6c15c000,0x6c1dd000)]
  0x6c523c00 JavaThread "Signal Dispatcher" daemon [_thread_blocked, id=10568, stack(0x6c1dd000,0x6c22e000)]
  0x6c514400 JavaThread "Finalizer" daemon [_thread_blocked, id=10565, stack(0x6c42e000,0x6c47f000)]
  0x6c512c00 JavaThread "Reference Handler" daemon [_thread_blocked, id=10564, stack(0x6ef09000,0x6ef5a000)]
  0xb6707800 JavaThread "main" [_thread_blocked, id=10551, stack(0xb6836000,0xb6887000)]

Other Threads:
=>0x6c510400 VMThread [stack: 0x6c47f000,0x6c500000] [id=10561]
  0x6c52b000 WatcherThread [stack: 0x6c009000,0x6c08a000] [id=10575]

VM state:at safepoint (normal execution)

VM Mutex/Monitor currently owned by a thread:  ([mutex/lock_event])
[0xb6704f20] Threads_lock - owner thread: 0x6c510400
[0xb6705330] Heap_lock - owner thread: 0xb6707800

Heap
 PSYoungGen      total 171264K, used 18935K [0x9e040000, 0xabb40000, 0xb35c0000)
  eden space 152320K, 0% used [0x9e040000,0x9e040000,0xa7500000)
  from space 18944K, 99% used [0xa9640000,0xaa8bdd50,0xaa8c0000)
  to   space 7680K, 0% used [0xab3c0000,0xab3c0000,0xabb40000)
 ParOldGen       total 64512K, used 35755K [0x735c0000, 0x774c0000, 0x9e040000)
  object space 64512K, 55% used [0x735c0000,0x758aaf78,0x774c0000)
 PSPermGen       total 16384K, used 4074K [0x6f5c0000, 0x705c0000, 0x735c0000)
  object space 16384K, 24% used [0x6f5c0000,0x6f9baab0,0x705c0000)

Card table byte_map: [0x6f39f000,0x6f5c0000] byte_map_base: 0x6f024200

Polling page: 0xb77ca000

Code Cache  [0xb36b3000, 0xb39db000, 0xb66b3000)
 total_blobs=1055 nmethods=933 adapters=76 free_code_cache=45980Kb largest_free_block=47054144

Compilation events (10 events):
Event: 53.990 Thread 0x6c525400 nmethod 938 0xb39ac488 code [0xb39ac580, 0xb39ac63c]
Event: 53.990 Thread 0x6c525400  939             com.android.dx.util.FixedSizeList::equals (41 bytes)
Event: 54.064 Thread 0x6c525400 nmethod 939 0xb39c0588 code [0xb39c06e0, 0xb39c0d1c]
Event: 54.069 Thread 0x6c525400  940             com.android.dx.dex.code.DalvInsn::getAddress (22 bytes)
Event: 54.072 Thread 0x6c525400 nmethod 940 0xb39c4088 code [0xb39c4180, 0xb39c41d0]
Event: 54.072 Thread 0x6c525400  941             com.android.dx.rop.code.SourcePosition::sameLine (17 bytes)
Event: 54.073 Thread 0x6c525400 nmethod 941 0xb39b3788 code [0xb39b3880, 0xb39b38f0]
Event: 54.073 Thread 0x6c525400  942             com.android.dx.rop.code.RegisterSpecSet::findMatchingLocal (49 bytes)
Event: 54.107 Thread 0x6c525400 nmethod 942 0xb39bfa48 code [0xb39bfb80, 0xb39bfff0]
Event: 54.107 Thread 0x6c525400  943             com.android.dx.rop.code.RegisterSpec::isCategory2 (13 bytes)

GC Heap History (10 events):
Event: 17.088 GC heap after
Heap after GC invocations=5 (full 0):
 PSYoungGen      total 51968K, used 1792K [0x9e040000, 0xa54c0000, 0xb35c0000)
  eden space 50176K, 0% used [0x9e040000,0x9e040000,0xa1140000)
  from space 1792K, 100% used [0xa1140000,0xa1300000,0xa1300000)
  to   space 9472K, 0% used [0xa4b80000,0xa4b80000,0xa54c0000)
 ParOldGen       total 32000K, used 19188K [0x735c0000, 0x75500000, 0x9e040000)
  object space 32000K, 59% used [0x735c0000,0x7487d318,0x75500000)
 PSPermGen       total 16384K, used 3859K [0x6f5c0000, 0x705c0000, 0x735c0000)
  object space 16384K, 23% used [0x6f5c0000,0x6f984c28,0x705c0000)
}
Event: 20.315 GC heap before
{Heap before GC invocations=6 (full 0):
 PSYoungGen      total 51968K, used 51968K [0x9e040000, 0xa54c0000, 0xb35c0000)
  eden space 50176K, 100% used [0x9e040000,0xa1140000,0xa1140000)
  from space 1792K, 100% used [0xa1140000,0xa1300000,0xa1300000)
  to   space 9472K, 0% used [0xa4b80000,0xa4b80000,0xa54c0000)
 ParOldGen       total 32000K, used 19188K [0x735c0000, 0x75500000, 0x9e040000)
  object space 32000K, 59% used [0x735c0000,0x7487d318,0x75500000)
 PSPermGen       total 16384K, used 3874K [0x6f5c0000, 0x705c0000, 0x735c0000)
  object space 16384K, 23% used [0x6f5c0000,0x6f988968,0x705c0000)
Event: 20.586 GC heap after
Heap after GC invocations=6 (full 0):
 PSYoungGen      total 107776K, used 9460K [0x9e040000, 0xa58c0000, 0xb35c0000)
  eden space 98304K, 0% used [0x9e040000,0x9e040000,0xa4040000)
  from space 9472K, 99% used [0xa4b80000,0xa54bd0e0,0xa54c0000)
  to   space 11520K, 0% used [0xa4040000,0xa4040000,0xa4b80000)
 ParOldGen       total 32000K, used 19979K [0x735c0000, 0x75500000, 0x9e040000)
  object space 32000K, 62% used [0x735c0000,0x74942e48,0x75500000)
 PSPermGen       total 16384K, used 3874K [0x6f5c0000, 0x705c0000, 0x735c0000)
  object space 16384K, 23% used [0x6f5c0000,0x6f988968,0x705c0000)
}
Event: 25.228 GC heap before
{Heap before GC invocations=7 (full 0):
 PSYoungGen      total 107776K, used 107764K [0x9e040000, 0xa58c0000, 0xb35c0000)
  eden space 98304K, 100% used [0x9e040000,0xa4040000,0xa4040000)
  from space 9472K, 99% used [0xa4b80000,0xa54bd0e0,0xa54c0000)
  to   space 11520K, 0% used [0xa4040000,0xa4040000,0xa4b80000)
 ParOldGen       total 32000K, used 19981K [0x735c0000, 0x75500000, 0x9e040000)
  object space 32000K, 62% used [0x735c0000,0x749435f0,0x75500000)
 PSPermGen       total 16384K, used 3896K [0x6f5c0000, 0x705c0000, 0x735c0000)
  object space 16384K, 23% used [0x6f5c0000,0x6f98e070,0x705c0000)
Event: 25.384 GC heap after
Heap after GC invocations=7 (full 0):
 PSYoungGen      total 109824K, used 11516K [0x9e040000, 0xac740000, 0xb35c0000)
  eden space 98304K, 0% used [0x9e040000,0x9e040000,0xa4040000)
  from space 11520K, 99% used [0xa4040000,0xa4b7f2d0,0xa4b80000)
  to   space 19968K, 0% used [0xab3c0000,0xab3c0000,0xac740000)
 ParOldGen       total 33024K, used 32967K [0x735c0000, 0x75600000, 0x9e040000)
  object space 33024K, 99% used [0x735c0000,0x755f1d10,0x75600000)
 PSPermGen       total 16384K, used 3896K [0x6f5c0000, 0x705c0000, 0x735c0000)
  object space 16384K, 23% used [0x6f5c0000,0x6f98e070,0x705c0000)
}
Event: 25.384 GC heap before
{Heap before GC invocations=8 (full 1):
 PSYoungGen      total 109824K, used 11516K [0x9e040000, 0xac740000, 0xb35c0000)
  eden space 98304K, 0% used [0x9e040000,0x9e040000,0xa4040000)
  from space 11520K, 99% used [0xa4040000,0xa4b7f2d0,0xa4b80000)
  to   space 19968K, 0% used [0xab3c0000,0xab3c0000,0xac740000)
 ParOldGen       total 33024K, used 32967K [0x735c0000, 0x75600000, 0x9e040000)
  object space 33024K, 99% used [0x735c0000,0x755f1d10,0x75600000)
 PSPermGen       total 16384K, used 3896K [0x6f5c0000, 0x705c0000, 0x735c0000)
  object space 16384K, 23% used [0x6f5c0000,0x6f98e070,0x705c0000)
Event: 26.708 GC heap after
Heap after GC invocations=8 (full 1):
 PSYoungGen      total 109824K, used 7382K [0x9e040000, 0xac740000, 0xb35c0000)
  eden space 98304K, 0% used [0x9e040000,0x9e040000,0xa4040000)
  from space 11520K, 64% used [0xa4040000,0xa47758f0,0xa4b80000)
  to   space 19968K, 0% used [0xab3c0000,0xab3c0000,0xac740000)
 ParOldGen       total 64512K, used 32943K [0x735c0000, 0x774c0000, 0x9e040000)
  object space 64512K, 51% used [0x735c0000,0x755ebe08,0x774c0000)
 PSPermGen       total 16384K, used 3894K [0x6f5c0000, 0x705c0000, 0x735c0000)
  object space 16384K, 23% used [0x6f5c0000,0x6f98d930,0x705c0000)
}
Event: 26.730 GC heap before
{Heap before GC invocations=9 (full 1):
 PSYoungGen      total 109824K, used 8666K [0x9e040000, 0xac740000, 0xb35c0000)
  eden space 98304K, 1% used [0x9e040000,0x9e180fc8,0xa4040000)
  from space 11520K, 64% used [0xa4040000,0xa47758f0,0xa4b80000)
  to   space 19968K, 0% used [0xab3c0000,0xab3c0000,0xac740000)
 ParOldGen       total 64512K, used 32943K [0x735c0000, 0x774c0000, 0x9e040000)
  object space 64512K, 51% used [0x735c0000,0x755ebe08,0x774c0000)
 PSPermGen       total 16384K, used 3894K [0x6f5c0000, 0x705c0000, 0x735c0000)
  object space 16384K, 23% used [0x6f5c0000,0x6f98d930,0x705c0000)
Event: 26.914 GC heap after
Heap after GC invocations=9 (full 1):
 PSYoungGen      total 160000K, used 7573K [0x9e040000, 0xabb40000, 0xb35c0000)
  eden space 152320K, 0% used [0x9e040000,0x9e040000,0xa7500000)
  from space 7680K, 98% used [0xab3c0000,0xabb256b0,0xabb40000)
  to   space 18944K, 0% used [0xa9640000,0xa9640000,0xaa8c0000)
 ParOldGen       total 64512K, used 32947K [0x735c0000, 0x774c0000, 0x9e040000)
  object space 64512K, 51% used [0x735c0000,0x755ece08,0x774c0000)
 PSPermGen       total 16384K, used 3894K [0x6f5c0000, 0x705c0000, 0x735c0000)
  object space 16384K, 23% used [0x6f5c0000,0x6f98d930,0x705c0000)
}
Event: 54.113 GC heap before
{Heap before GC invocations=10 (full 1):
 PSYoungGen      total 160000K, used 159893K [0x9e040000, 0xabb40000, 0xb35c0000)
  eden space 152320K, 100% used [0x9e040000,0xa7500000,0xa7500000)
  from space 7680K, 98% used [0xab3c0000,0xabb256b0,0xabb40000)
  to   space 18944K, 0% used [0xa9640000,0xa9640000,0xaa8c0000)
 ParOldGen       total 64512K, used 32947K [0x735c0000, 0x774c0000, 0x9e040000)
  object space 64512K, 51% used [0x735c0000,0x755ece08,0x774c0000)
 PSPermGen       total 16384K, used 4074K [0x6f5c0000, 0x705c0000, 0x735c0000)
  object space 16384K, 24% used [0x6f5c0000,0x6f9baab0,0x705c0000)

Deoptimization events (10 events):
Event: 32.777 Thread 0x6c5a8800 Uncommon trap: reason=bimorphic action=maybe_recompile pc=0xb381267c method=com.android.dx.cf.code.BytecodeArray.parseInstruction(ILcom/android/dx/cf/code/BytecodeArray$Visitor;)I @ 1161
Event: 47.315 Thread 0xb6707800 Uncommon trap: reason=class_check action=maybe_recompile pc=0xb37313cc method=com.android.dx.util.FixedSizeList.equals(Ljava/lang/Object;)Z @ 25
Event: 47.315 Thread 0xb6707800 Uncommon trap: reason=class_check action=maybe_recompile pc=0xb36fd3f0 method=java.util.Arrays.equals([Ljava/lang/Object;[Ljava/lang/Object;)Z @ 62
Event: 47.315 Thread 0xb6707800 Uncommon trap: reason=class_check action=maybe_recompile pc=0xb37313cc method=com.android.dx.util.FixedSizeList.equals(Ljava/lang/Object;)Z @ 25
Event: 47.315 Thread 0xb6707800 Uncommon trap: reason=class_check action=maybe_recompile pc=0xb36fd3f0 method=java.util.Arrays.equals([Ljava/lang/Object;[Ljava/lang/Object;)Z @ 62
Event: 47.315 Thread 0xb6707800 Uncommon trap: reason=class_check action=maybe_recompile pc=0xb37313cc method=com.android.dx.util.FixedSizeList.equals(Ljava/lang/Object;)Z @ 25
Event: 47.323 Thread 0xb6707800 Uncommon trap: reason=class_check action=maybe_recompile pc=0xb37313cc method=com.android.dx.util.FixedSizeList.equals(Ljava/lang/Object;)Z @ 25
Event: 47.323 Thread 0xb6707800 Uncommon trap: reason=class_check action=maybe_recompile pc=0xb36fd3f0 method=java.util.Arrays.equals([Ljava/lang/Object;[Ljava/lang/Object;)Z @ 62
Event: 47.323 Thread 0xb6707800 Uncommon trap: reason=class_check action=maybe_recompile pc=0xb36fd3f0 method=java.util.Arrays.equals([Ljava/lang/Object;[Ljava/lang/Object;)Z @ 62
Event: 54.009 Thread 0xb6707800 Uncommon trap: reason=predicate action=maybe_recompile pc=0xb398fe0c method=java.util.ComparableTimSort.binarySort([Ljava/lang/Object;III)V @ 37

Internal exceptions (10 events):
Event: 47.199 Thread 0xb6707800 Threw 0xa6dad1e8 at /HUDSON/workspace/7u-2-build-linux-i586/jdk7u60/1081/hotspot/src/share/vm/prims/jvm.cpp:1244
Event: 47.212 Thread 0xb6707800 Threw 0xa6db2000 at /HUDSON/workspace/7u-2-build-linux-i586/jdk7u60/1081/hotspot/src/share/vm/prims/jvm.cpp:1244
Event: 47.237 Thread 0xb6707800 Threw 0xa6db8148 at /HUDSON/workspace/7u-2-build-linux-i586/jdk7u60/1081/hotspot/src/share/vm/prims/jvm.cpp:1244
Event: 47.237 Thread 0xb6707800 Threw 0xa6dbac48 at /HUDSON/workspace/7u-2-build-linux-i586/jdk7u60/1081/hotspot/src/share/vm/prims/jvm.cpp:1244
Event: 47.238 Thread 0xb6707800 Threw 0xa6dbf690 at /HUDSON/workspace/7u-2-build-linux-i586/jdk7u60/1081/hotspot/src/share/vm/prims/jvm.cpp:1244
Event: 47.239 Thread 0xb6707800 Threw 0xa6dc3968 at /HUDSON/workspace/7u-2-build-linux-i586/jdk7u60/1081/hotspot/src/share/vm/prims/jvm.cpp:1244
Event: 47.314 Thread 0xb6707800 Threw 0xa6de0968 at /HUDSON/workspace/7u-2-build-linux-i586/jdk7u60/1081/hotspot/src/share/vm/prims/jvm.cpp:1244
Event: 47.315 Thread 0xb6707800 Threw 0xa6de35d8 at /HUDSON/workspace/7u-2-build-linux-i586/jdk7u60/1081/hotspot/src/share/vm/prims/jvm.cpp:1244
Event: 47.323 Thread 0xb6707800 Threw 0xa6de65d8 at /HUDSON/workspace/7u-2-build-linux-i586/jdk7u60/1081/hotspot/src/share/vm/prims/jvm.cpp:1244
Event: 47.432 Thread 0xb6707800 Threw 0xa6e0a9a0 at /HUDSON/workspace/7u-2-build-linux-i586/jdk7u60/1081/hotspot/src/share/vm/prims/jvm.cpp:1244

Events (10 events):
Event: 47.323 Thread 0xb6707800 DEOPT PACKING pc=0xb36fd3f0 sp=0xb6885bf0
Event: 47.323 Thread 0xb6707800 DEOPT UNPACKING pc=0xb36dfbc8 sp=0xb6885be0 mode 2
Event: 47.323 loading class 0x6c54cff8
Event: 47.323 loading class 0x6c54cff8 done
Event: 47.432 loading class 0x092a6018
Event: 47.432 loading class 0x092a6018 done
Event: 54.009 Thread 0xb6707800 Uncommon trap: trap_request=0xffffff86 fr.pc=0xb398fe0c
Event: 54.009 Thread 0xb6707800 DEOPT PACKING pc=0xb398fe0c sp=0xb6885bf0
Event: 54.009 Thread 0xb6707800 DEOPT UNPACKING pc=0xb36dfbc8 sp=0xb6885bf8 mode 2
Event: 54.113 Executing VM operation: ParallelGCFailedAllocation


Dynamic libraries:
08048000-08049000 r-xp 00000000 08:07 665604     /usr/lib/jvm/java-7-oracle/bin/java
08049000-0804a000 rw-p 00000000 08:07 665604     /usr/lib/jvm/java-7-oracle/bin/java
0920b000-09f12000 rw-p 00000000 00:00 0          [heap]
6ab00000-6ac46000 rw-p 00000000 00:00 0 
6ac46000-6ad00000 ---p 00000000 00:00 0 
6ad00000-6adec000 rw-p 00000000 00:00 0 
6adec000-6ae00000 ---p 00000000 00:00 0 
6ae00000-6aefc000 rw-p 00000000 00:00 0 
6aefc000-6af00000 ---p 00000000 00:00 0 
6af00000-6affd000 rw-p 00000000 00:00 0 
6affd000-6b000000 ---p 00000000 00:00 0 
6b100000-6b1f4000 rw-p 00000000 00:00 0 
6b1f4000-6b200000 ---p 00000000 00:00 0 
6b200000-6b229000 rw-p 00000000 00:00 0 
6b229000-6b300000 ---p 00000000 00:00 0 
6b300000-6b3fb000 rw-p 00000000 00:00 0 
6b3fb000-6b400000 ---p 00000000 00:00 0 
6b500000-6b5f9000 rw-p 00000000 00:00 0 
6b5f9000-6b600000 ---p 00000000 00:00 0 
6b700000-6b7fc000 rw-p 00000000 00:00 0 
6b7fc000-6b800000 ---p 00000000 00:00 0 
6b900000-6b9fd000 rw-p 00000000 00:00 0 
6b9fd000-6ba00000 ---p 00000000 00:00 0 
6bb00000-6bbfe000 rw-p 00000000 00:00 0 
6bbfe000-6bc00000 ---p 00000000 00:00 0 
6bd00000-6bde4000 rw-p 00000000 00:00 0 
6bde4000-6be00000 ---p 00000000 00:00 0 
6be5e000-6be61000 ---p 00000000 00:00 0 
6be61000-6beaf000 rw-p 00000000 00:00 0 
6beaf000-6beb2000 ---p 00000000 00:00 0 
6beb2000-6bf00000 rw-p 00000000 00:00 0 
6bf00000-6bf03000 ---p 00000000 00:00 0 
6bf03000-6bf51000 rw-p 00000000 00:00 0 
6bf51000-6bf54000 ---p 00000000 00:00 0 
6bf54000-6bfa2000 rw-p 00000000 00:00 0 
6bfa2000-6bfa5000 ---p 00000000 00:00 0 
6bfa5000-6bff3000 rw-p 00000000 00:00 0 
6bff3000-6c008000 r-xp 00000000 08:07 665241     /usr/lib/jvm/java-7-oracle/jre/lib/i386/libnet.so
6c008000-6c009000 rw-p 00014000 08:07 665241     /usr/lib/jvm/java-7-oracle/jre/lib/i386/libnet.so
6c009000-6c00a000 ---p 00000000 00:00 0 
6c00a000-6c08a000 rw-p 00000000 00:00 0          [stack:10575]
6c08a000-6c08d000 ---p 00000000 00:00 0 
6c08d000-6c0db000 rw-p 00000000 00:00 0          [stack:10571]
6c0db000-6c0de000 ---p 00000000 00:00 0 
6c0de000-6c15c000 rw-p 00000000 00:00 0          [stack:10570]
6c15c000-6c15f000 ---p 00000000 00:00 0 
6c15f000-6c1dd000 rw-p 00000000 00:00 0          [stack:10569]
6c1dd000-6c1e0000 ---p 00000000 00:00 0 
6c1e0000-6c22e000 rw-p 00000000 00:00 0          [stack:10568]
6c22e000-6c42e000 r--p 00000000 08:07 131158     /usr/lib/locale/locale-archive
6c42e000-6c431000 ---p 00000000 00:00 0 
6c431000-6c47f000 rw-p 00000000 00:00 0          [stack:10565]
6c47f000-6c480000 ---p 00000000 00:00 0 
6c480000-6c500000 rw-p 00000000 00:00 0          [stack:10561]
6c500000-6c5f9000 rw-p 00000000 00:00 0 
6c5f9000-6c600000 ---p 00000000 00:00 0 
6c601000-6c7c0000 r--s 039e2000 08:07 665188     /usr/lib/jvm/java-7-oracle/jre/lib/rt.jar
6c7c0000-6ee00000 rw-p 00000000 00:00 0 
6ee00000-6eeef000 rw-p 00000000 00:00 0 
6eeef000-6ef00000 ---p 00000000 00:00 0 
6ef09000-6ef0c000 ---p 00000000 00:00 0 
6ef0c000-6f000000 rw-p 00000000 00:00 0          [stack:10564]
6f000000-6f02a000 rw-p 00000000 00:00 0 
6f02a000-6f100000 ---p 00000000 00:00 0 
6f109000-6f117000 r-xp 00000000 08:07 665251     /usr/lib/jvm/java-7-oracle/jre/lib/i386/libnio.so
6f117000-6f118000 rw-p 0000e000 08:07 665251     /usr/lib/jvm/java-7-oracle/jre/lib/i386/libnio.so
6f12d000-6f147000 rw-p 00000000 00:00 0 
6f147000-6f148000 ---p 00000000 00:00 0 
6f148000-6f1c8000 rw-p 00000000 00:00 0          [stack:10560]
6f1c8000-6f1c9000 ---p 00000000 00:00 0 
6f1c9000-6f269000 rw-p 00000000 00:00 0          [stack:10557]
6f269000-6f39f000 rw-p 00000000 00:00 0 
6f39f000-6f3a7000 rw-p 00000000 00:00 0 
6f3a7000-6f3bf000 rw-p 00000000 00:00 0 
6f3bf000-6f3df000 rw-p 00000000 00:00 0 
6f3df000-6f514000 rw-p 00000000 00:00 0 
6f514000-6f582000 rw-p 00000000 00:00 0 
6f582000-6f588000 ---p 00000000 00:00 0 
6f588000-6f5bf000 rw-p 00000000 00:00 0 
6f5bf000-705c0000 rw-p 00000000 00:00 0 
705c0000-735c0000 rw-p 00000000 00:00 0 
735c0000-774c0000 rw-p 00000000 00:00 0 
774c0000-9e040000 rw-p 00000000 00:00 0 
9e040000-abb40000 rw-p 00000000 00:00 0 
acc8e000-ace00000 rw-p 00000000 00:00 0 
ace00000-b35c0000 rw-p 00000000 00:00 0 
b35c4000-b35d3000 r--s 000df000 08:07 451020     /home/sujan/Android/Sdk/build-tools/23.0.0/lib/dx.jar
b35d3000-b35db000 rw-p 00000000 00:00 0 
b35db000-b35f3000 rw-p 00000000 00:00 0 
b35f3000-b3600000 rw-p 00000000 00:00 0 
b3600000-b36b3000 rw-p 00000000 00:00 0 
b36b3000-b39db000 rwxp 00000000 00:00 0 
b39db000-b66b3000 rw-p 00000000 00:00 0 
b66b3000-b66be000 r-xp 00000000 08:07 1202235    /lib/i386-linux-gnu/libnss_files-2.19.so
b66be000-b66bf000 r--p 0000a000 08:07 1202235    /lib/i386-linux-gnu/libnss_files-2.19.so
b66bf000-b66c0000 rw-p 0000b000 08:07 1202235    /lib/i386-linux-gnu/libnss_files-2.19.so
b66c0000-b66ca000 r-xp 00000000 08:07 1202242    /lib/i386-linux-gnu/libnss_nis-2.19.so
b66ca000-b66cb000 r--p 00009000 08:07 1202242    /lib/i386-linux-gnu/libnss_nis-2.19.so
b66cb000-b66cc000 rw-p 0000a000 08:07 1202242    /lib/i386-linux-gnu/libnss_nis-2.19.so
b66cc000-b66e1000 r-xp 00000000 08:07 1202239    /lib/i386-linux-gnu/libnsl-2.19.so
b66e1000-b66e2000 r--p 00015000 08:07 1202239    /lib/i386-linux-gnu/libnsl-2.19.so
b66e2000-b66e3000 rw-p 00016000 08:07 1202239    /lib/i386-linux-gnu/libnsl-2.19.so
b66e3000-b66e5000 rw-p 00000000 00:00 0 
b66e8000-b66ff000 r-xp 00000000 08:07 665237     /usr/lib/jvm/java-7-oracle/jre/lib/i386/libzip.so
b66ff000-b6700000 rw-p 00017000 08:07 665237     /usr/lib/jvm/java-7-oracle/jre/lib/i386/libzip.so
b6700000-b67f3000 rw-p 00000000 00:00 0 
b67f3000-b6800000 ---p 00000000 00:00 0 
b6801000-b6809000 rw-s 00000000 08:07 675368     /tmp/hsperfdata_sujan/10543
b6809000-b682c000 r-xp 00000000 08:07 665211     /usr/lib/jvm/java-7-oracle/jre/lib/i386/libjava.so
b682c000-b682d000 rw-p 00023000 08:07 665211     /usr/lib/jvm/java-7-oracle/jre/lib/i386/libjava.so
b682d000-b6834000 r-xp 00000000 08:07 1202250    /lib/i386-linux-gnu/librt-2.19.so
b6834000-b6835000 r--p 00006000 08:07 1202250    /lib/i386-linux-gnu/librt-2.19.so
b6835000-b6836000 rw-p 00007000 08:07 1202250    /lib/i386-linux-gnu/librt-2.19.so
b6836000-b6839000 ---p 00000000 00:00 0 
b6839000-b6887000 rw-p 00000000 00:00 0          [stack:10551]
b6887000-b68cb000 r-xp 00000000 08:07 1202236    /lib/i386-linux-gnu/libm-2.19.so
b68cb000-b68cc000 r--p 00043000 08:07 1202236    /lib/i386-linux-gnu/libm-2.19.so
b68cc000-b68cd000 rw-p 00044000 08:07 1202236    /lib/i386-linux-gnu/libm-2.19.so
b68cd000-b714f000 r-xp 00000000 08:07 665254     /usr/lib/jvm/java-7-oracle/jre/lib/i386/server/libjvm.so
b714f000-b71b3000 rw-p 00882000 08:07 665254     /usr/lib/jvm/java-7-oracle/jre/lib/i386/server/libjvm.so
b71b3000-b75d7000 rw-p 00000000 00:00 0 
b75d7000-b7780000 r-xp 00000000 08:07 1202233    /lib/i386-linux-gnu/libc-2.19.so
b7780000-b7782000 r--p 001a8000 08:07 1202233    /lib/i386-linux-gnu/libc-2.19.so
b7782000-b7783000 rw-p 001aa000 08:07 1202233    /lib/i386-linux-gnu/libc-2.19.so
b7783000-b7786000 rw-p 00000000 00:00 0 
b7786000-b7789000 r-xp 00000000 08:07 1202246    /lib/i386-linux-gnu/libdl-2.19.so
b7789000-b778a000 r--p 00002000 08:07 1202246    /lib/i386-linux-gnu/libdl-2.19.so
b778a000-b778b000 rw-p 00003000 08:07 1202246    /lib/i386-linux-gnu/libdl-2.19.so
b778b000-b778c000 rw-p 00000000 00:00 0 
b778c000-b779f000 r-xp 00000000 08:07 664599     /usr/lib/jvm/java-7-oracle/lib/i386/jli/libjli.so
b779f000-b77a0000 rw-p 00012000 08:07 664599     /usr/lib/jvm/java-7-oracle/lib/i386/jli/libjli.so
b77a0000-b77b8000 r-xp 00000000 08:07 1202249    /lib/i386-linux-gnu/libpthread-2.19.so
b77b8000-b77b9000 r--p 00017000 08:07 1202249    /lib/i386-linux-gnu/libpthread-2.19.so
b77b9000-b77ba000 rw-p 00018000 08:07 1202249    /lib/i386-linux-gnu/libpthread-2.19.so
b77ba000-b77bc000 rw-p 00000000 00:00 0 
b77bd000-b77bf000 rw-p 00000000 00:00 0 
b77bf000-b77c0000 r--p 002c0000 08:07 131158     /usr/lib/locale/locale-archive
b77c0000-b77c7000 r-xp 00000000 08:07 1202243    /lib/i386-linux-gnu/libnss_compat-2.19.so
b77c7000-b77c8000 r--p 00006000 08:07 1202243    /lib/i386-linux-gnu/libnss_compat-2.19.so
b77c8000-b77c9000 rw-p 00007000 08:07 1202243    /lib/i386-linux-gnu/libnss_compat-2.19.so
b77c9000-b77ca000 rw-p 00000000 00:00 0 
b77ca000-b77cb000 ---p 00000000 00:00 0 
b77cb000-b77d6000 r-xp 00000000 08:07 665198     /usr/lib/jvm/java-7-oracle/jre/lib/i386/libverify.so
b77d6000-b77d7000 rw-p 0000b000 08:07 665198     /usr/lib/jvm/java-7-oracle/jre/lib/i386/libverify.so
b77d7000-b77d9000 rw-p 00000000 00:00 0 
b77d9000-b77da000 r-xp 00000000 00:00 0          [vdso]
b77da000-b77fa000 r-xp 00000000 08:07 1202232    /lib/i386-linux-gnu/ld-2.19.so
b77fa000-b77fb000 r--p 0001f000 08:07 1202232    /lib/i386-linux-gnu/ld-2.19.so
b77fb000-b77fc000 rw-p 00020000 08:07 1202232    /lib/i386-linux-gnu/ld-2.19.so
bf9d3000-bf9d4000 rwxp 00000000 00:00 0 
bfa06000-bfa27000 rw-p 00000000 00:00 0          [stack]

VM Arguments:
jvm_args: -Xmx1024M -Dfile.encoding=UTF-8 -Duser.country=IN -Duser.language=en -Duser.variant 
java_command: com.android.dx.command.Main --dex --num-threads=4 --output /home/sujan/Documents/Work/AndroidStudioProjects/MadMoney/app/build/intermediates/pre-dexed/debug/classes-1509d9d17758c9b8687d571d70f875044275b696.jar /home/sujan/Documents/Work/AndroidStudioProjects/MadMoney/app/build/intermediates/exploded-aar/com.android.support/support-v4/23.0.1/jars/classes.jar
Launcher Type: SUN_STANDARD

Environment Variables:
JAVA_HOME=/usr/lib/jvm/java-7-oracle
PATH=/home/sujan:/usr/local/sbin:/usr/local/bin:/usr/sbin:/usr/bin:/sbin:/bin:/usr/games:/usr/local/games/.rvm/bin:home/sujan/Documents/Work/android-studio/bin
SHELL=/bin/bash
DISPLAY=:0

Signal Handlers:
SIGSEGV: [libjvm.so+0x7e7300], sa_mask[0]=0x7ffbfeff, sa_flags=0x10000004
SIGBUS: [libjvm.so+0x7e7300], sa_mask[0]=0x7ffbfeff, sa_flags=0x10000004
SIGFPE: [libjvm.so+0x6816f0], sa_mask[0]=0x7ffbfeff, sa_flags=0x10000004
SIGPIPE: [libjvm.so+0x6816f0], sa_mask[0]=0x7ffbfeff, sa_flags=0x10000004
SIGXFSZ: [libjvm.so+0x6816f0], sa_mask[0]=0x7ffbfeff, sa_flags=0x10000004
SIGILL: [libjvm.so+0x6816f0], sa_mask[0]=0x7ffbfeff, sa_flags=0x10000004
SIGUSR1: SIG_DFL, sa_mask[0]=0x00000000, sa_flags=0x00000000
SIGUSR2: [libjvm.so+0x682ef0], sa_mask[0]=0x00000004, sa_flags=0x10000004
SIGHUP: [libjvm.so+0x6841f0], sa_mask[0]=0x7ffbfeff, sa_flags=0x10000004
SIGINT: [libjvm.so+0x6841f0], sa_mask[0]=0x7ffbfeff, sa_flags=0x10000004
SIGTERM: [libjvm.so+0x6841f0], sa_mask[0]=0x7ffbfeff, sa_flags=0x10000004
SIGQUIT: [libjvm.so+0x6841f0], sa_mask[0]=0x7ffbfeff, sa_flags=0x10000004


---------------  S Y S T E M  ---------------

OS:jessie/sid

uname:Linux 3.13.0-40-generic #69-Ubuntu SMP Thu Nov 13 17:56:26 UTC 2014 i686
libc:glibc 2.19 NPTL 2.19 
rlimit: STACK 8192k, CORE 0k, NPROC 23735, NOFILE 4096, AS infinity
load average:9.22 5.14 3.50

/proc/meminfo:
MemTotal:        3064816 kB
MemFree:          176232 kB
Buffers:              60 kB
Cached:           302632 kB
SwapCached:        16156 kB
Active:          1537612 kB
Inactive:         708728 kB
Active(anon):    1535368 kB
Inactive(anon):   705512 kB
Active(file):       2244 kB
Inactive(file):     3216 kB
Unevictable:          72 kB
Mlocked:              72 kB
HighTotal:       2194180 kB
HighFree:          42756 kB
LowTotal:         870636 kB
LowFree:          133476 kB
SwapTotal:       1171452 kB
SwapFree:              0 kB
Dirty:                 8 kB
Writeback:             8 kB
AnonPages:       1928332 kB
Mapped:           527588 kB
Shmem:            297036 kB
Slab:              38952 kB
SReclaimable:      15208 kB
SUnreclaim:        23744 kB
KernelStack:        4824 kB
PageTables:        17888 kB
NFS_Unstable:          0 kB
Bounce:                0 kB
WritebackTmp:          0 kB
CommitLimit:     2703860 kB
Committed_AS:    8402932 kB
VmallocTotal:     122880 kB
VmallocUsed:       26328 kB
VmallocChunk:      91928 kB
HardwareCorrupted:     0 kB
AnonHugePages:    835584 kB
HugePages_Total:       0
HugePages_Free:        0
HugePages_Rsvd:        0
HugePages_Surp:        0
Hugepagesize:       2048 kB
DirectMap4k:       22520 kB
DirectMap2M:      890880 kB


CPU:total 2 (2 cores per cpu, 1 threads per core) family 6 model 23 stepping 10, cmov, cx8, fxsr, mmx, sse, sse2, sse3, ssse3, sse4.1, tsc

/proc/cpuinfo:
processor	: 0
vendor_id	: GenuineIntel
cpu family	: 6
model		: 23
model name	: Intel(R) Core(TM)2 Duo CPU     T6400  @ 2.00GHz
stepping	: 10
microcode	: 0xa07
cpu MHz		: 2000.000
cache size	: 2048 KB
physical id	: 0
siblings	: 2
core id		: 0
cpu cores	: 2
apicid		: 0
initial apicid	: 0
fdiv_bug	: no
f00f_bug	: no
coma_bug	: no
fpu		: yes
fpu_exception	: yes
cpuid level	: 13
wp		: yes
flags		: fpu vme de pse tsc msr pae mce cx8 apic sep mtrr pge mca cmov pat pse36 clflush dts acpi mmx fxsr sse sse2 ss ht tm pbe nx lm constant_tsc arch_perfmon pebs bts aperfmperf pni dtes64 monitor ds_cpl est tm2 ssse3 cx16 xtpr pdcm sse4_1 xsave lahf_lm dtherm
bogomips	: 3990.34
clflush size	: 64
cache_alignment	: 64
address sizes	: 36 bits physical, 48 bits virtual
power management:

processor	: 1
vendor_id	: GenuineIntel
cpu family	: 6
model		: 23
model name	: Intel(R) Core(TM)2 Duo CPU     T6400  @ 2.00GHz
stepping	: 10
microcode	: 0xa07
cpu MHz		: 2000.000
cache size	: 2048 KB
physical id	: 0
siblings	: 2
core id		: 1
cpu cores	: 2
apicid		: 1
initial apicid	: 1
fdiv_bug	: no
f00f_bug	: no
coma_bug	: no
fpu		: yes
fpu_exception	: yes
cpuid level	: 13
wp		: yes
flags		: fpu vme de pse tsc msr pae mce cx8 apic sep mtrr pge mca cmov pat pse36 clflush dts acpi mmx fxsr sse sse2 ss ht tm pbe nx lm constant_tsc arch_perfmon pebs bts aperfmperf pni dtes64 monitor ds_cpl est tm2 ssse3 cx16 xtpr pdcm sse4_1 xsave lahf_lm dtherm
bogomips	: 3990.34
clflush size	: 64
cache_alignment	: 64
address sizes	: 36 bits physical, 48 bits virtual
power management:



Memory: 4k page, physical 3064816k(176544k free), swap 1171452k(8k free)

vm_info: Java HotSpot(TM) Server VM (24.60-b09) for linux-x86 JRE (1.7.0_60-b19), built on May  7 2014 13:42:18 by "java_re" with gcc 4.3.0 20080428 (Red Hat 4.3.0-8)

time: Mon Nov  2 17:24:01 2015
elapsed time: 74 seconds

